<?xml version="1.0" encoding="UTF-8"?>
<!-- Generated by org.testng.reporters.JUnitReportReporter -->
<testsuite name="TechChallenge.userStory2" tests="1" time="48.808" ignored="0" failures="0" timestamp="08 Apr 2020 06:13:47 GMT" skipped="0" hostname="KrishanuSayani" errors="0">
  <testcase name="multipleRecordEntryAPI" time="48.808" classname="TechChallenge.userStory2"/>
</testsuite> <!-- TechChallenge.userStory2 -->
