<?xml version="1.0" encoding="UTF-8"?>
<!-- Generated by org.testng.reporters.JUnitReportReporter -->
<testsuite name="TechChallenge.userStory5" tests="1" time="35.303" ignored="0" failures="0" timestamp="08 Apr 2020 06:13:47 GMT" skipped="0" hostname="KrishanuSayani" errors="0">
  <testcase name="dispenseTax" time="35.303" classname="TechChallenge.userStory5"/>
</testsuite> <!-- TechChallenge.userStory5 -->
