<?xml version="1.0" encoding="UTF-8"?>
<!-- Generated by org.testng.reporters.JUnitReportReporter -->
<testsuite name="TechChallenge.homePage" tests="1" time="16.560" ignored="0" failures="0" timestamp="03 Apr 2020 10:20:27 GMT" skipped="0" hostname="KrishanuSayani" errors="0">
  <testcase name="basePageNavigation" time="16.560" classname="TechChallenge.homePage"/>
</testsuite> <!-- TechChallenge.homePage -->
