<?xml version="1.0" encoding="UTF-8"?>
<!-- Generated by org.testng.reporters.JUnitReportReporter -->
<testsuite name="TechChallenge.userStory3" tests="1" time="30.887" ignored="0" failures="0" timestamp="08 Apr 2020 06:13:47 GMT" skipped="0" hostname="KrishanuSayani" errors="0">
  <testcase name="uploadCsvFile" time="30.887" classname="TechChallenge.userStory3"/>
</testsuite> <!-- TechChallenge.userStory3 -->
